<?xml version="1.0" encoding="UTF-8"?>
<!-- Generated by org.testng.reporters.JUnitReportReporter -->
<testsuite hostname="LAPTOP-1ULSNDMD" failures="0" tests="4" name="com.inetbanking.testCase.TestNG" time="0.043" errors="0" timestamp="2023-04-10T09:16:25 CDT" skipped="1">
  <testcase classname="com.inetbanking.testCase.TestNG" name="oneTest" time="0.027"/>
  <system-out/>
  <testcase classname="com.inetbanking.testCase.TestNG" name="threeTest" time="0.010"/>
  <system-out/>
  <testcase classname="com.inetbanking.testCase.TestNG" name="fourTest" time="0.006"/>
  <system-out/>
  <testcase classname="com.inetbanking.testCase.TestNG" name="twoTest">
    <skipped/>
  </testcase> <!-- twoTest -->
  <system-out/>
</testsuite> <!-- com.inetbanking.testCase.TestNG -->
