<?xml version="1.0" encoding="UTF-8"?>
<!-- Generated by org.testng.reporters.JUnitReportReporter -->
<testsuite hostname="LAPTOP-1ULSNDMD" failures="0" tests="1" name="com.inetbanking.testCase.TC_Logintest_001" time="3.924" errors="0" timestamp="2023-06-05T10:01:59 CDT" skipped="0">
  <testcase classname="com.inetbanking.testCase.TC_Logintest_001" name="loginTest" time="3.924"/>
  <system-out/>
</testsuite> <!-- com.inetbanking.testCase.TC_Logintest_001 -->
