<?xml version="1.0" encoding="UTF-8"?>
<!-- Generated by org.testng.reporters.JUnitReportReporter -->
<testsuite hostname="LAPTOP-1ULSNDMD" failures="0" tests="1" name="com.inetbanking.testCase.TC_AddCustomer_003" time="13.272" errors="0" timestamp="2023-06-14T14:50:02 CDT" skipped="0">
  <testcase classname="com.inetbanking.testCase.TC_AddCustomer_003" name="addCustomer" time="13.272"/>
  <system-out/>
</testsuite> <!-- com.inetbanking.testCase.TC_AddCustomer_003 -->
